### ISSUE TITLE
[3.3.5][Crash] Crash in CombatManager.h ( with log )

### ISSUE THREAD

**Issue by tje3d** [TrinityCore/TrinityCore#21177]
**Current behaviour:**

Crashes

**Expected behaviour:**

Should not crash

**Steps to reproduce the problem:**

1. go to Plaguelands: The Scarlet Enclave ( dk starting zone )
2. take quest [An End To All Things...] .quest add 12779 ( unfortunately you have to do all previous quest too )
3. start flying around using gm fly on ( no the quest item ) and server will crash after few seconds

**Branch(es):**

3.3.5

**TC rev. hash/commit:** 

18f5eae

**TDB version:** TDB 335.63

**Operating system:** Ubuntu 17.10

**CrashLog**:
```
Thread 7 "worldserver" received signal SIGSEGV, Segmentation fault.
[Switching to Thread 0x7fff2d8c7700 (LWP 14532)]
CombatReference::GetOther (this=0x60, me=0x7fff6b4b19c0) at PATH/Core/src/server/game/Combat/CombatManager.h:59
59	    Unit* GetOther(Unit const* me) const { return (first == me) ? second : first; }

--- DEBUG: BACKTRACE FULL

#0  CombatReference::GetOther (this=0x60, me=0x7fff6b4b19c0) at PATH/Core/src/server/game/Combat/CombatManager.h:59
No locals.
#1  0x0000000002759689 in Map::Update (this=0x7fff3126e900, t_diff=101) at PATH/Core/src/server/game/Maps/Map.cpp:796
        unit = 0x7fff2a945000
        pair = @0x7fff29d31008: {first = {static Empty = {static Empty = <same as static member of an already seen type>, _guid = 0}, _guid = 12884901897}, second = 0x60}
        __range = std::unordered_map with 7 elements = {[{static Empty = {static Empty = <same as static member of an already seen type>, _guid = 0}, _guid = 17379391450273284453}] = 0x7fffac4ee1a0, [{static Empty = {static Empty = <same as static member of an already seen type>, _guid = 0}, _guid = 17379391450306838879}] = 0x7fff1f4b0ce0, [{static Empty = {static Empty = <same as static member of an already seen type>, _guid = 0}, _guid = 17379391450306839273}] = 0x7fff1f4b0c20, [{static Empty = {static Empty = <same as static member of an already seen type>, _guid = 0}, _guid = 17379391450306838799}] = 0x7fffabeb2a20, [{static Empty = {static Empty = <same as static member of an already seen type>, _guid = 0}, _guid = 17379391450306839133}] = 0x7fff1f90d280, [{static Empty = {static Empty = <same as static member of an already seen type>, _guid = 0}, _guid = 17379391450273284550}] = 0x7fff1f4bba40, [{static Empty = {static Empty = <same as static member of an already seen type>, _guid = 0}, _guid = 17379391450290061770}] = 0x7fffac4ee1c0}
        __begin = {<std::__detail::_Node_iterator_base<std::pair<ObjectGuid const, CombatReference*>, true>> = {_M_cur = 0x7fff29d31000}, <No data fields>}
        __end = {<std::__detail::_Node_iterator_base<std::pair<ObjectGuid const, CombatReference*>, true>> = {_M_cur = 0x0}, <No data fields>}
        player = 0x7fff6b4b19c0
        updater = {i_timeDiff = 101}
        grid_object_update = {i_visitor = @0x7fff2d8c5560}
        world_object_update = {i_visitor = @0x7fff2d8c5560}
#2  0x00000000027b3a76 in MapUpdateRequest::call (this=0x7fffceace9a0) at PATH/Core/src/server/game/Maps/MapUpdater.cpp:42
No locals.
#3  0x00000000027b31e8 in MapUpdater::WorkerThread (this=0x3c61740 <MapManager::instance()::instance+160>) at PATH/Core/src/server/game/Maps/MapUpdater.cpp:113
        request = 0x7fffceace9a0
#4  0x00000000027b4041 in std::__invoke_impl<void, void (MapUpdater::*)(), MapUpdater*> (__f=@0x7fffe25ee250: (void (MapUpdater::*)(MapUpdater * const)) 0x27b3190 <MapUpdater::WorkerThread()>, __t=@0x7fffe25ee248: 0x3c61740 <MapManager::instance()::instance+160>) at /usr/bin/../lib/gcc/x86_64-linux-gnu/7.2.0/../../../../include/c++/7.2.0/bits/invoke.h:73
No locals.
#5  0x00000000027b3f52 in std::__invoke<void (MapUpdater::*)(), MapUpdater*> (__fn=@0x7fffe25ee250: (void (MapUpdater::*)(MapUpdater * const)) 0x27b3190 <MapUpdater::WorkerThread()>, __args=@0x7fffe25ee248: 0x3c61740 <MapManager::instance()::instance+160>) at /usr/bin/../lib/gcc/x86_64-linux-gnu/7.2.0/../../../../include/c++/7.2.0/bits/invoke.h:95
No locals.
#6  0x00000000027b3f12 in std::thread::_Invoker<std::tuple<void (MapUpdater::*)(), MapUpdater*> >::_M_invoke<0ul, 1ul> (this=0x7fffe25ee248) at /usr/bin/../lib/gcc/x86_64-linux-gnu/7.2.0/../../../../include/c++/7.2.0/thread:234
No locals.
#7  0x00000000027b3ec5 in std::thread::_Invoker<std::tuple<void (MapUpdater::*)(), MapUpdater*> >::operator() (this=0x7fffe25ee248) at /usr/bin/../lib/gcc/x86_64-linux-gnu/7.2.0/../../../../include/c++/7.2.0/thread:243
No locals.
#8  0x00000000027b3c99 in std::thread::_State_impl<std::thread::_Invoker<std::tuple<void (MapUpdater::*)(), MapUpdater*> > >::_M_run (this=0x7fffe25ee240) at /usr/bin/../lib/gcc/x86_64-linux-gnu/7.2.0/../../../../include/c++/7.2.0/thread:186
No locals.
#9  0x00007ffff53960ff in ?? () from /usr/lib/x86_64-linux-gnu/libstdc++.so.6
No symbol table info available.
#10 0x00007ffff60997fc in start_thread (arg=0x7fff2d8c7700) at pthread_create.c:465
        pd = 0x7fff2d8c7700
        now = <optimized out>
        unwind_buf = {cancel_jmp_buf = {{jmp_buf = {140733957568256, 2621786583399279742, 140737488307838, 140737488307839, 140733957568256, 140733957568960, -2622170197820822402, -2621771102989964162}, mask_was_saved = 0}}, priv = {pad = {0x0, 0x0, 0x0, 0x0}, data = {prev = 0x0, cleanup = 0x0, canceltype = 0}}}
        not_first_call = <optimized out>
        pagesize_m1 = <optimized out>
        sp = <optimized out>
        freesize = <optimized out>
        __PRETTY_FUNCTION__ = "start_thread"
#11 0x00007ffff4aa1b0f in clone () at ../sysdeps/unix/sysv/linux/x86_64/clone.S:95
No locals.

--- DEBUG: INFO REGISTERS

rax            0x7fff6b4b19c0	140734993471936
rbx            0x7fff2d8c7700	140733957568256
rcx            0x7fff2d8c5520	140733957559584
rdx            0x190	400
rsi            0x60	96
rdi            0x60	96
rbp            0x0	0x0
rsp            0x7fff2d8c57c0	0x7fff2d8c57c0
r8             0x0	0
r9             0x80000001	2147483649
r10            0x2d17450	47281232
r11            0x0	0
r12            0x7fffffff467e	140737488307838
r13            0x7fffffff467f	140737488307839
r14            0x7fff2d8c7700	140733957568256
r15            0x7fff2d8c79c0	140733957568960
rip            0x7ffff4aa1b0f	0x7ffff4aa1b0f <clone+63>
eflags         0x10206	[ PF IF RF ]
cs             0x33	51
ss             0x2b	43
ds             0x0	0
es             0x0	0
fs             0x0	0
gs             0x0	0

--- DEBUG: CALLS (x/32i $pc)

=> 0x7ffff4aa1b0f <clone+63>:	mov    %rax,%rdi
   0x7ffff4aa1b12 <clone+66>:	mov    $0x3c,%eax
   0x7ffff4aa1b17 <clone+71>:	syscall 
   0x7ffff4aa1b19 <clone+73>:	mov    0x2c5348(%rip),%rcx        # 0x7ffff4d66e68
   0x7ffff4aa1b20 <clone+80>:	neg    %eax
   0x7ffff4aa1b22 <clone+82>:	mov    %eax,%fs:(%rcx)
   0x7ffff4aa1b25 <clone+85>:	or     $0xffffffffffffffff,%rax
   0x7ffff4aa1b29 <clone+89>:	retq   
   0x7ffff4aa1b2a:	nopw   0x0(%rax,%rax,1)
   0x7ffff4aa1b30 <__umount>:	xor    %esi,%esi
   0x7ffff4aa1b32 <__umount+2>:	jmpq   0x7ffff4aa1b40 <umount2>
   0x7ffff4aa1b37:	nopw   0x0(%rax,%rax,1)
   0x7ffff4aa1b40 <umount2>:	mov    $0xa6,%eax
   0x7ffff4aa1b45 <umount2+5>:	syscall 
   0x7ffff4aa1b47 <umount2+7>:	cmp    $0xfffffffffffff001,%rax
   0x7ffff4aa1b4d <umount2+13>:	jae    0x7ffff4aa1b50 <umount2+16>
   0x7ffff4aa1b4f <umount2+15>:	retq   
   0x7ffff4aa1b50 <umount2+16>:	mov    0x2c5311(%rip),%rcx        # 0x7ffff4d66e68
   0x7ffff4aa1b57 <umount2+23>:	neg    %eax
   0x7ffff4aa1b59 <umount2+25>:	mov    %eax,%fs:(%rcx)
   0x7ffff4aa1b5c <umount2+28>:	or     $0xffffffffffffffff,%rax
   0x7ffff4aa1b60 <umount2+32>:	retq   
   0x7ffff4aa1b61:	nopw   %cs:0x0(%rax,%rax,1)
   0x7ffff4aa1b6b:	nopl   0x0(%rax,%rax,1)
   0x7ffff4aa1b70 <readahead>:	mov    $0xbb,%eax
   0x7ffff4aa1b75 <readahead+5>:	syscall 
   0x7ffff4aa1b77 <readahead+7>:	cmp    $0xfffffffffffff001,%rax
   0x7ffff4aa1b7d <readahead+13>:	jae    0x7ffff4aa1b80 <readahead+16>
   0x7ffff4aa1b7f <readahead+15>:	retq   
   0x7ffff4aa1b80 <readahead+16>:	mov    0x2c52e1(%rip),%rcx        # 0x7ffff4d66e68
   0x7ffff4aa1b87 <readahead+23>:	neg    %eax
   0x7ffff4aa1b89 <readahead+25>:	mov    %eax,%fs:(%rcx)

--- DEBUG: THREAD APPLY ALL BACKTRACE

Thread 9 (Thread 0x7fff2c6c5700 (LWP 14534)):
#0  0x00007ffff4a97870 in __GI___select (nfds=1, readfds=0x7fff2c6c33a0, writefds=0x0, exceptfds=0x7fff2c6c3420, timeout=0x7fff2c6c3390) at ../sysdeps/unix/sysv/linux/select.c:41
#1  0x00007ffff776c52b in ?? () from /lib/x86_64-linux-gnu/libreadline.so.7
#2  0x00007ffff776c7b4 in rl_read_key () from /lib/x86_64-linux-gnu/libreadline.so.7
#3  0x00007ffff7754773 in readline_internal_char () from /lib/x86_64-linux-gnu/libreadline.so.7
#4  0x00007ffff7754fc5 in readline () from /lib/x86_64-linux-gnu/libreadline.so.7
#5  0x000000000180e8e8 in CliThread () at PATH/Core/src/server/worldserver/CommandLine/CliRunnable.cpp:153
#6  0x00000000017f6c27 in std::__invoke_impl<void, void (*)()> (__f=@0x7fff31155018: 0x180e7b0 <CliThread()>) at /usr/bin/../lib/gcc/x86_64-linux-gnu/7.2.0/../../../../include/c++/7.2.0/bits/invoke.h:60
#7  0x00000000017f6bbd in std::__invoke<void (*)()> (__fn=@0x7fff31155018: 0x180e7b0 <CliThread()>) at /usr/bin/../lib/gcc/x86_64-linux-gnu/7.2.0/../../../../include/c++/7.2.0/bits/invoke.h:95
#8  0x00000000017f6b95 in std::thread::_Invoker<std::tuple<void (*)()> >::_M_invoke<0ul> (this=0x7fff31155018) at /usr/bin/../lib/gcc/x86_64-linux-gnu/7.2.0/../../../../include/c++/7.2.0/thread:234
#9  0x00000000017f6b65 in std::thread::_Invoker<std::tuple<void (*)()> >::operator() (this=0x7fff31155018) at /usr/bin/../lib/gcc/x86_64-linux-gnu/7.2.0/../../../../include/c++/7.2.0/thread:243
#10 0x00000000017f6a49 in std::thread::_State_impl<std::thread::_Invoker<std::tuple<void (*)()> > >::_M_run (this=0x7fff31155010) at /usr/bin/../lib/gcc/x86_64-linux-gnu/7.2.0/../../../../include/c++/7.2.0/thread:186
#11 0x00007ffff53960ff in ?? () from /usr/lib/x86_64-linux-gnu/libstdc++.so.6
#12 0x00007ffff60997fc in start_thread (arg=0x7fff2c6c5700) at pthread_create.c:465
#13 0x00007ffff4aa1b0f in clone () at ../sysdeps/unix/sysv/linux/x86_64/clone.S:95

Thread 8 (Thread 0x7fff2d0c6700 (LWP 14533)):
#0  0x00007ffff4aa1c87 in __GI_epoll_pwait (epfd=22, events=0x7fff2d0c3be0, maxevents=128, timeout=-1, set=0x0) at ../sysdeps/unix/sysv/linux/epoll_pwait.c:42
#1  0x00000000017f3c4a in boost::asio::detail::epoll_reactor::run (this=0x7fff3090a600, block=true, ops=...) at /usr/include/boost/asio/detail/impl/epoll_reactor.ipp:392
#2  0x00000000017f3785 in boost::asio::detail::task_io_service::do_run_one (this=0x7fff30882280, lock=..., this_thread=..., ec=...) at /usr/include/boost/asio/detail/impl/task_io_service.ipp:356
#3  0x00000000017f341b in boost::asio::detail::task_io_service::run (this=0x7fff30882280, ec=...) at /usr/include/boost/asio/detail/impl/task_io_service.ipp:149
#4  0x00000000017f3311 in boost::asio::io_service::run (this=0x7fffd569e178) at /usr/include/boost/asio/impl/io_service.ipp:59
#5  0x00000000028f08cb in NetworkThread<WorldSocket>::Run (this=0x7fffd569e108) at PATH/Core/src/server/shared/Networking/NetworkThread.h:126
#6  0x00000000028f2ea1 in std::__invoke_impl<void, void (NetworkThread<WorldSocket>::*)(), NetworkThread<WorldSocket>*> (__f=@0x7fff31244050: (void (NetworkThread<WorldSocket>::*)(NetworkThread<WorldSocket> * const)) 0x28f0540 <NetworkThread<WorldSocket>::Run()>, __t=@0x7fff31244048: 0x7fffd569e108) at /usr/bin/../lib/gcc/x86_64-linux-gnu/7.2.0/../../../../include/c++/7.2.0/bits/invoke.h:73
#7  0x00000000028f2db2 in std::__invoke<void (NetworkThread<WorldSocket>::*)(), NetworkThread<WorldSocket>*> (__fn=@0x7fff31244050: (void (NetworkThread<WorldSocket>::*)(NetworkThread<WorldSocket> * const)) 0x28f0540 <NetworkThread<WorldSocket>::Run()>, __args=@0x7fff31244048: 0x7fffd569e108) at /usr/bin/../lib/gcc/x86_64-linux-gnu/7.2.0/../../../../include/c++/7.2.0/bits/invoke.h:95
#8  0x00000000028f2d72 in std::thread::_Invoker<std::tuple<void (NetworkThread<WorldSocket>::*)(), NetworkThread<WorldSocket>*> >::_M_invoke<0ul, 1ul> (this=0x7fff31244048) at /usr/bin/../lib/gcc/x86_64-linux-gnu/7.2.0/../../../../include/c++/7.2.0/thread:234
#9  0x00000000028f2d25 in std::thread::_Invoker<std::tuple<void (NetworkThread<WorldSocket>::*)(), NetworkThread<WorldSocket>*> >::operator() (this=0x7fff31244048) at /usr/bin/../lib/gcc/x86_64-linux-gnu/7.2.0/../../../../include/c++/7.2.0/thread:243
#10 0x00000000028f2af9 in std::thread::_State_impl<std::thread::_Invoker<std::tuple<void (NetworkThread<WorldSocket>::*)(), NetworkThread<WorldSocket>*> > >::_M_run (this=0x7fff31244040) at /usr/bin/../lib/gcc/x86_64-linux-gnu/7.2.0/../../../../include/c++/7.2.0/thread:186
#11 0x00007ffff53960ff in ?? () from /usr/lib/x86_64-linux-gnu/libstdc++.so.6
#12 0x00007ffff60997fc in start_thread (arg=0x7fff2d0c6700) at pthread_create.c:465
#13 0x00007ffff4aa1b0f in clone () at ../sysdeps/unix/sysv/linux/x86_64/clone.S:95

Thread 7 (Thread 0x7fff2d8c7700 (LWP 14532)):
#0  CombatReference::GetOther (this=0x60, me=0x7fff6b4b19c0) at PATH/Core/src/server/game/Combat/CombatManager.h:59
#1  0x0000000002759689 in Map::Update (this=0x7fff3126e900, t_diff=101) at PATH/Core/src/server/game/Maps/Map.cpp:796
#2  0x00000000027b3a76 in MapUpdateRequest::call (this=0x7fffceace9a0) at PATH/Core/src/server/game/Maps/MapUpdater.cpp:42
#3  0x00000000027b31e8 in MapUpdater::WorkerThread (this=0x3c61740 <MapManager::instance()::instance+160>) at PATH/Core/src/server/game/Maps/MapUpdater.cpp:113
#4  0x00000000027b4041 in std::__invoke_impl<void, void (MapUpdater::*)(), MapUpdater*> (__f=@0x7fffe25ee250: (void (MapUpdater::*)(MapUpdater * const)) 0x27b3190 <MapUpdater::WorkerThread()>, __t=@0x7fffe25ee248: 0x3c61740 <MapManager::instance()::instance+160>) at /usr/bin/../lib/gcc/x86_64-linux-gnu/7.2.0/../../../../include/c++/7.2.0/bits/invoke.h:73
#5  0x00000000027b3f52 in std::__invoke<void (MapUpdater::*)(), MapUpdater*> (__fn=@0x7fffe25ee250: (void (MapUpdater::*)(MapUpdater * const)) 0x27b3190 <MapUpdater::WorkerThread()>, __args=@0x7fffe25ee248: 0x3c61740 <MapManager::instance()::instance+160>) at /usr/bin/../lib/gcc/x86_64-linux-gnu/7.2.0/../../../../include/c++/7.2.0/bits/invoke.h:95
#6  0x00000000027b3f12 in std::thread::_Invoker<std::tuple<void (MapUpdater::*)(), MapUpdater*> >::_M_invoke<0ul, 1ul> (this=0x7fffe25ee248) at /usr/bin/../lib/gcc/x86_64-linux-gnu/7.2.0/../../../../include/c++/7.2.0/thread:234
#7  0x00000000027b3ec5 in std::thread::_Invoker<std::tuple<void (MapUpdater::*)(), MapUpdater*> >::operator() (this=0x7fffe25ee248) at /usr/bin/../lib/gcc/x86_64-linux-gnu/7.2.0/../../../../include/c++/7.2.0/thread:243
#8  0x00000000027b3c99 in std::thread::_State_impl<std::thread::_Invoker<std::tuple<void (MapUpdater::*)(), MapUpdater*> > >::_M_run (this=0x7fffe25ee240) at /usr/bin/../lib/gcc/x86_64-linux-gnu/7.2.0/../../../../include/c++/7.2.0/thread:186
#9  0x00007ffff53960ff in ?? () from /usr/lib/x86_64-linux-gnu/libstdc++.so.6
#10 0x00007ffff60997fc in start_thread (arg=0x7fff2d8c7700) at pthread_create.c:465
#11 0x00007ffff4aa1b0f in clone () at ../sysdeps/unix/sysv/linux/x86_64/clone.S:95

Thread 6 (Thread 0x7fffef8c8700 (LWP 14529)):
#0  0x00007ffff60a0072 in futex_wait_cancelable (private=<optimized out>, expected=0, futex_word=0x7ffff1f3c224) at ../sysdeps/unix/sysv/linux/futex-internal.h:88
#1  __pthread_cond_wait_common (abstime=0x0, mutex=0x7ffff1f3c180, cond=0x7ffff1f3c1f8) at pthread_cond_wait.c:502
#2  __pthread_cond_wait (cond=0x7ffff1f3c1f8, mutex=0x7ffff1f3c180) at pthread_cond_wait.c:655
#3  0x00007ffff538fdbc in std::condition_variable::wait(std::unique_lock<std::mutex>&) () from /usr/lib/x86_64-linux-gnu/libstdc++.so.6
#4  0x0000000002cfecaf in ProducerConsumerQueue<SQLOperation*>::WaitAndPop (this=0x7ffff1f3c180, value=@0x7fffef8c65f0: 0x0) at PATH/Core/src/common/Threading/ProducerConsumerQueue.h:76
#5  0x0000000002cfe950 in DatabaseWorker::WorkerThread (this=0x7ffff1f16920) at PATH/Core/src/server/database/Database/DatabaseWorker.cpp:48
#6  0x0000000002cff341 in std::__invoke_impl<void, void (DatabaseWorker::*)(), DatabaseWorker*> (__f=@0x7ffff1f16950: (void (DatabaseWorker::*)(DatabaseWorker * const)) 0x2cfe910 <DatabaseWorker::WorkerThread()>, __t=@0x7ffff1f16948: 0x7ffff1f16920) at /usr/bin/../lib/gcc/x86_64-linux-gnu/7.2.0/../../../../include/c++/7.2.0/bits/invoke.h:73
#7  0x0000000002cff252 in std::__invoke<void (DatabaseWorker::*)(), DatabaseWorker*> (__fn=@0x7ffff1f16950: (void (DatabaseWorker::*)(DatabaseWorker * const)) 0x2cfe910 <DatabaseWorker::WorkerThread()>, __args=@0x7ffff1f16948: 0x7ffff1f16920) at /usr/bin/../lib/gcc/x86_64-linux-gnu/7.2.0/../../../../include/c++/7.2.0/bits/invoke.h:95
#8  0x0000000002cff212 in std::thread::_Invoker<std::tuple<void (DatabaseWorker::*)(), DatabaseWorker*> >::_M_invoke<0ul, 1ul> (this=0x7ffff1f16948) at /usr/bin/../lib/gcc/x86_64-linux-gnu/7.2.0/../../../../include/c++/7.2.0/thread:234
#9  0x0000000002cff1c5 in std::thread::_Invoker<std::tuple<void (DatabaseWorker::*)(), DatabaseWorker*> >::operator() (this=0x7ffff1f16948) at /usr/bin/../lib/gcc/x86_64-linux-gnu/7.2.0/../../../../include/c++/7.2.0/thread:243
#10 0x0000000002cfef99 in std::thread::_State_impl<std::thread::_Invoker<std::tuple<void (DatabaseWorker::*)(), DatabaseWorker*> > >::_M_run (this=0x7ffff1f16940) at /usr/bin/../lib/gcc/x86_64-linux-gnu/7.2.0/../../../../include/c++/7.2.0/thread:186
#11 0x00007ffff53960ff in ?? () from /usr/lib/x86_64-linux-gnu/libstdc++.so.6
#12 0x00007ffff60997fc in start_thread (arg=0x7fffef8c8700) at pthread_create.c:465
#13 0x00007ffff4aa1b0f in clone () at ../sysdeps/unix/sysv/linux/x86_64/clone.S:95

Thread 5 (Thread 0x7ffff00c9700 (LWP 14528)):
#0  0x00007ffff60a0072 in futex_wait_cancelable (private=<optimized out>, expected=0, futex_word=0x7ffff1f3c2e4) at ../sysdeps/unix/sysv/linux/futex-internal.h:88
#1  __pthread_cond_wait_common (abstime=0x0, mutex=0x7ffff1f3c240, cond=0x7ffff1f3c2b8) at pthread_cond_wait.c:502
#2  __pthread_cond_wait (cond=0x7ffff1f3c2b8, mutex=0x7ffff1f3c240) at pthread_cond_wait.c:655
#3  0x00007ffff538fdbc in std::condition_variable::wait(std::unique_lock<std::mutex>&) () from /usr/lib/x86_64-linux-gnu/libstdc++.so.6
#4  0x0000000002cfecaf in ProducerConsumerQueue<SQLOperation*>::WaitAndPop (this=0x7ffff1f3c240, value=@0x7ffff00c75f0: 0x0) at PATH/Core/src/common/Threading/ProducerConsumerQueue.h:76
#5  0x0000000002cfe950 in DatabaseWorker::WorkerThread (this=0x7ffff1f16a40) at PATH/Core/src/server/database/Database/DatabaseWorker.cpp:48
#6  0x0000000002cff341 in std::__invoke_impl<void, void (DatabaseWorker::*)(), DatabaseWorker*> (__f=@0x7ffff1f16970: (void (DatabaseWorker::*)(DatabaseWorker * const)) 0x2cfe910 <DatabaseWorker::WorkerThread()>, __t=@0x7ffff1f16968: 0x7ffff1f16a40) at /usr/bin/../lib/gcc/x86_64-linux-gnu/7.2.0/../../../../include/c++/7.2.0/bits/invoke.h:73
#7  0x0000000002cff252 in std::__invoke<void (DatabaseWorker::*)(), DatabaseWorker*> (__fn=@0x7ffff1f16970: (void (DatabaseWorker::*)(DatabaseWorker * const)) 0x2cfe910 <DatabaseWorker::WorkerThread()>, __args=@0x7ffff1f16968: 0x7ffff1f16a40) at /usr/bin/../lib/gcc/x86_64-linux-gnu/7.2.0/../../../../include/c++/7.2.0/bits/invoke.h:95
#8  0x0000000002cff212 in std::thread::_Invoker<std::tuple<void (DatabaseWorker::*)(), DatabaseWorker*> >::_M_invoke<0ul, 1ul> (this=0x7ffff1f16968) at /usr/bin/../lib/gcc/x86_64-linux-gnu/7.2.0/../../../../include/c++/7.2.0/thread:234
#9  0x0000000002cff1c5 in std::thread::_Invoker<std::tuple<void (DatabaseWorker::*)(), DatabaseWorker*> >::operator() (this=0x7ffff1f16968) at /usr/bin/../lib/gcc/x86_64-linux-gnu/7.2.0/../../../../include/c++/7.2.0/thread:243
#10 0x0000000002cfef99 in std::thread::_State_impl<std::thread::_Invoker<std::tuple<void (DatabaseWorker::*)(), DatabaseWorker*> > >::_M_run (this=0x7ffff1f16960) at /usr/bin/../lib/gcc/x86_64-linux-gnu/7.2.0/../../../../include/c++/7.2.0/thread:186
#11 0x00007ffff53960ff in ?? () from /usr/lib/x86_64-linux-gnu/libstdc++.so.6
#12 0x00007ffff60997fc in start_thread (arg=0x7ffff00c9700) at pthread_create.c:465
#13 0x00007ffff4aa1b0f in clone () at ../sysdeps/unix/sysv/linux/x86_64/clone.S:95

Thread 4 (Thread 0x7ffff08ca700 (LWP 14527)):
#0  0x00007ffff60a0072 in futex_wait_cancelable (private=<optimized out>, expected=0, futex_word=0x7ffff1f3c3a4) at ../sysdeps/unix/sysv/linux/futex-internal.h:88
#1  __pthread_cond_wait_common (abstime=0x0, mutex=0x7ffff1f3c300, cond=0x7ffff1f3c378) at pthread_cond_wait.c:502
#2  __pthread_cond_wait (cond=0x7ffff1f3c378, mutex=0x7ffff1f3c300) at pthread_cond_wait.c:655
#3  0x00007ffff538fdbc in std::condition_variable::wait(std::unique_lock<std::mutex>&) () from /usr/lib/x86_64-linux-gnu/libstdc++.so.6
#4  0x0000000002cfecaf in ProducerConsumerQueue<SQLOperation*>::WaitAndPop (this=0x7ffff1f3c300, value=@0x7ffff08c85f0: 0x0) at PATH/Core/src/common/Threading/ProducerConsumerQueue.h:76
#5  0x0000000002cfe950 in DatabaseWorker::WorkerThread (this=0x7ffff1f16540) at PATH/Core/src/server/database/Database/DatabaseWorker.cpp:48
#6  0x0000000002cff341 in std::__invoke_impl<void, void (DatabaseWorker::*)(), DatabaseWorker*> (__f=@0x7ffff1f16a30: (void (DatabaseWorker::*)(DatabaseWorker * const)) 0x2cfe910 <DatabaseWorker::WorkerThread()>, __t=@0x7ffff1f16a28: 0x7ffff1f16540) at /usr/bin/../lib/gcc/x86_64-linux-gnu/7.2.0/../../../../include/c++/7.2.0/bits/invoke.h:73
#7  0x0000000002cff252 in std::__invoke<void (DatabaseWorker::*)(), DatabaseWorker*> (__fn=@0x7ffff1f16a30: (void (DatabaseWorker::*)(DatabaseWorker * const)) 0x2cfe910 <DatabaseWorker::WorkerThread()>, __args=@0x7ffff1f16a28: 0x7ffff1f16540) at /usr/bin/../lib/gcc/x86_64-linux-gnu/7.2.0/../../../../include/c++/7.2.0/bits/invoke.h:95
#8  0x0000000002cff212 in std::thread::_Invoker<std::tuple<void (DatabaseWorker::*)(), DatabaseWorker*> >::_M_invoke<0ul, 1ul> (this=0x7ffff1f16a28) at /usr/bin/../lib/gcc/x86_64-linux-gnu/7.2.0/../../../../include/c++/7.2.0/thread:234
#9  0x0000000002cff1c5 in std::thread::_Invoker<std::tuple<void (DatabaseWorker::*)(), DatabaseWorker*> >::operator() (this=0x7ffff1f16a28) at /usr/bin/../lib/gcc/x86_64-linux-gnu/7.2.0/../../../../include/c++/7.2.0/thread:243
#10 0x0000000002cfef99 in std::thread::_State_impl<std::thread::_Invoker<std::tuple<void (DatabaseWorker::*)(), DatabaseWorker*> > >::_M_run (this=0x7ffff1f16a20) at /usr/bin/../lib/gcc/x86_64-linux-gnu/7.2.0/../../../../include/c++/7.2.0/thread:186
#11 0x00007ffff53960ff in ?? () from /usr/lib/x86_64-linux-gnu/libstdc++.so.6
#12 0x00007ffff60997fc in start_thread (arg=0x7ffff08ca700) at pthread_create.c:465
#13 0x00007ffff4aa1b0f in clone () at ../sysdeps/unix/sysv/linux/x86_64/clone.S:95

Thread 3 (Thread 0x7ffff12dd700 (LWP 14526)):
#0  0x00007ffff4aa1c87 in __GI_epoll_pwait (epfd=6, events=0x7ffff12dae40, maxevents=128, timeout=-1, set=0x0) at ../sysdeps/unix/sysv/linux/epoll_pwait.c:42
#1  0x00000000017f3c4a in boost::asio::detail::epoll_reactor::run (this=0x7ffff1f3c480, block=true, ops=...) at /usr/include/boost/asio/detail/impl/epoll_reactor.ipp:392
#2  0x00000000017f3785 in boost::asio::detail::task_io_service::do_run_one (this=0x7ffff1f30700, lock=..., this_thread=..., ec=...) at /usr/include/boost/asio/detail/impl/task_io_service.ipp:356
#3  0x00000000017f341b in boost::asio::detail::task_io_service::run (this=0x7ffff1f30700, ec=...) at /usr/include/boost/asio/detail/impl/task_io_service.ipp:149
#4  0x00000000017f3311 in boost::asio::io_service::run (this=0x7ffff1ee8970) at /usr/include/boost/asio/impl/io_service.ipp:59
#5  0x00000000017c237d in main::$_4::operator() (this=0x7ffff1f16f88) at PATH/Core/src/server/worldserver/Main.cpp:209
#6  0x00000000017c234d in std::__invoke_impl<void, main::$_4> (__f=...) at /usr/bin/../lib/gcc/x86_64-linux-gnu/7.2.0/../../../../include/c++/7.2.0/bits/invoke.h:60
#7  0x00000000017c22dd in std::__invoke<main::$_4> (__fn=...) at /usr/bin/../lib/gcc/x86_64-linux-gnu/7.2.0/../../../../include/c++/7.2.0/bits/invoke.h:95
#8  0x00000000017c22b5 in std::thread::_Invoker<std::tuple<main::$_4> >::_M_invoke<0ul> (this=0x7ffff1f16f88) at /usr/bin/../lib/gcc/x86_64-linux-gnu/7.2.0/../../../../include/c++/7.2.0/thread:234
#9  0x00000000017c2285 in std::thread::_Invoker<std::tuple<main::$_4> >::operator() (this=0x7ffff1f16f88) at /usr/bin/../lib/gcc/x86_64-linux-gnu/7.2.0/../../../../include/c++/7.2.0/thread:243
#10 0x00000000017c2149 in std::thread::_State_impl<std::thread::_Invoker<std::tuple<main::$_4> > >::_M_run (this=0x7ffff1f16f80) at /usr/bin/../lib/gcc/x86_64-linux-gnu/7.2.0/../../../../include/c++/7.2.0/thread:186
#11 0x00007ffff53960ff in ?? () from /usr/lib/x86_64-linux-gnu/libstdc++.so.6
#12 0x00007ffff60997fc in start_thread (arg=0x7ffff12dd700) at pthread_create.c:465
#13 0x00007ffff4aa1b0f in clone () at ../sysdeps/unix/sysv/linux/x86_64/clone.S:95

Thread 2 (Thread 0x7ffff1ade700 (LWP 14525)):
#0  0x00007ffff60a0072 in futex_wait_cancelable (private=<optimized out>, expected=0, futex_word=0x7ffff1f30780) at ../sysdeps/unix/sysv/linux/futex-internal.h:88
#1  __pthread_cond_wait_common (abstime=0x0, mutex=0x7ffff1f30730, cond=0x7ffff1f30758) at pthread_cond_wait.c:502
#2  __pthread_cond_wait (cond=0x7ffff1f30758, mutex=0x7ffff1f30730) at pthread_cond_wait.c:655
#3  0x00000000017f415b in boost::asio::detail::posix_event::wait<boost::asio::detail::scoped_lock<boost::asio::detail::posix_mutex> > (this=0x7ffff1f30758, lock=...) at /usr/include/boost/asio/detail/posix_event.hpp:106
#4  0x00000000017f3889 in boost::asio::detail::task_io_service::do_run_one (this=0x7ffff1f30700, lock=..., this_thread=..., ec=...) at /usr/include/boost/asio/detail/impl/task_io_service.ipp:380
#5  0x00000000017f341b in boost::asio::detail::task_io_service::run (this=0x7ffff1f30700, ec=...) at /usr/include/boost/asio/detail/impl/task_io_service.ipp:149
#6  0x00000000017f3311 in boost::asio::io_service::run (this=0x7ffff1ee8970) at /usr/include/boost/asio/impl/io_service.ipp:59
#7  0x00000000017c237d in main::$_4::operator() (this=0x7ffff1f16ec8) at PATH/Core/src/server/worldserver/Main.cpp:209
#8  0x00000000017c234d in std::__invoke_impl<void, main::$_4> (__f=...) at /usr/bin/../lib/gcc/x86_64-linux-gnu/7.2.0/../../../../include/c++/7.2.0/bits/invoke.h:60
#9  0x00000000017c22dd in std::__invoke<main::$_4> (__fn=...) at /usr/bin/../lib/gcc/x86_64-linux-gnu/7.2.0/../../../../include/c++/7.2.0/bits/invoke.h:95
#10 0x00000000017c22b5 in std::thread::_Invoker<std::tuple<main::$_4> >::_M_invoke<0ul> (this=0x7ffff1f16ec8) at /usr/bin/../lib/gcc/x86_64-linux-gnu/7.2.0/../../../../include/c++/7.2.0/thread:234
#11 0x00000000017c2285 in std::thread::_Invoker<std::tuple<main::$_4> >::operator() (this=0x7ffff1f16ec8) at /usr/bin/../lib/gcc/x86_64-linux-gnu/7.2.0/../../../../include/c++/7.2.0/thread:243
#12 0x00000000017c2149 in std::thread::_State_impl<std::thread::_Invoker<std::tuple<main::$_4> > >::_M_run (this=0x7ffff1f16ec0) at /usr/bin/../lib/gcc/x86_64-linux-gnu/7.2.0/../../../../include/c++/7.2.0/thread:186
#13 0x00007ffff53960ff in ?? () from /usr/lib/x86_64-linux-gnu/libstdc++.so.6
#14 0x00007ffff60997fc in start_thread (arg=0x7ffff1ade700) at pthread_create.c:465
#15 0x00007ffff4aa1b0f in clone () at ../sysdeps/unix/sysv/linux/x86_64/clone.S:95

Thread 1 (Thread 0x7ffff7fcef40 (LWP 14521)):
#0  0x00007ffff60a0072 in futex_wait_cancelable (private=<optimized out>, expected=0, futex_word=0x3c61860 <MapManager::instance()::instance+448>) at ../sysdeps/unix/sysv/linux/futex-internal.h:88
#1  __pthread_cond_wait_common (abstime=0x0, mutex=0x3c61810 <MapManager::instance()::instance+368>, cond=0x3c61838 <MapManager::instance()::instance+408>) at pthread_cond_wait.c:502
#2  __pthread_cond_wait (cond=0x3c61838 <MapManager::instance()::instance+408>, mutex=0x3c61810 <MapManager::instance()::instance+368>) at pthread_cond_wait.c:655
#3  0x00007ffff538fdbc in std::condition_variable::wait(std::unique_lock<std::mutex>&) () from /usr/lib/x86_64-linux-gnu/libstdc++.so.6
#4  0x00000000027b3315 in MapUpdater::wait (this=0x3c61740 <MapManager::instance()::instance+160>) at PATH/Core/src/server/game/Maps/MapUpdater.cpp:74
#5  0x000000000279ba7c in MapManager::Update (this=0x3c616a0 <MapManager::instance()::instance>, diff=51) at PATH/Core/src/server/game/Maps/MapManager.cpp:226
#6  0x0000000002bb2c34 in World::Update (this=0x3c66b68 <World::instance()::instance>, diff=51) at PATH/Core/src/server/game/World/World.cpp:2372
#7  0x00000000017bf8b3 in WorldUpdateLoop () at PATH/Core/src/server/worldserver/Main.cpp:428
#8  0x00000000017bbe0a in main (argc=1, argv=0x7fffffffe0a8) at PATH/Core/src/server/worldserver/Main.cpp:333
```

**Comment by Shauren** [comment]
@Treeston https://github.com/TrinityCore/TrinityCore/blob/18f5eae835a0045d1180262bfcc4a2e6cf97c807/src/server/game/Maps/Map.cpp#L795
This is another iterator invalidation crash - Update can alter combat refs

**Comment by Treeston** [comment]
_(I re-checked all iterations of the ref list just to be safe, the other ones are all fine.)_

**Comment by tje3d** [comment]
Please reopen this:

1. get in combat with a elite ( for example .go xyz 6922.440918 2635.600586 405.485046 )
2. then using .modify speed 50 get far away from that elite and server would crash

- You have to go far away about 1000 yards. You should be still in combat even in 1000 yards
- Server would not crash if you tele somewhere using .go xyz or ... ( its only happen with high speed )

Crash log:
```
Thread 7 "worldserver" received signal SIGSEGV, Segmentation fault.
[Switching to Thread 0x7fff2d8c7700 (LWP 2857)]
CombatReference::GetOther (this=0x43ce5258451f0029, me=0x7fff3126a900) at PATH/Core/src/server/game/Combat/CombatManager.h:59
59	    Unit* GetOther(Unit const* me) const { return (first == me) ? second : first; }

--- DEBUG: BACKTRACE FULL

#0  CombatReference::GetOther (this=0x43ce5258451f0029, me=0x7fff3126a900) at PATH/Core/src/server/game/Combat/CombatManager.h:59
No locals.
#1  0x0000000002759689 in Map::Update (this=0x7fff6b404b00, t_diff=101) at PATH/Core/src/server/game/Maps/Map.cpp:796
        unit = 0x7fff1f0c9000
        pair = @0x7fffbc8ca9c8: {first = {static Empty = {static Empty = <same as static member of an already seen type>, _guid = 0}, _guid = 5032478267795191990}, second = 0x43ce5258451f0029}
        __range = std::unordered_map with 0 elements
        __begin = {<std::__detail::_Node_iterator_base<std::pair<ObjectGuid const, CombatReference*>, true>> = {_M_cur = 0x7fffbc8ca9c0}, <No data fields>}
        __end = {<std::__detail::_Node_iterator_base<std::pair<ObjectGuid const, CombatReference*>, true>> = {_M_cur = 0x0}, <No data fields>}
        player = 0x7fff3126a900
        updater = {i_timeDiff = 101}
        grid_object_update = {i_visitor = @0x7fff2d8c5560}
        world_object_update = {i_visitor = @0x7fff2d8c5560}
#2  0x00000000027b3a76 in MapUpdateRequest::call (this=0x7fffc0562320) at PATH/Core/src/server/game/Maps/MapUpdater.cpp:42
No locals.
#3  0x00000000027b31e8 in MapUpdater::WorkerThread (this=0x3c61740 <MapManager::instance()::instance+160>) at PATH/Core/src/server/game/Maps/MapUpdater.cpp:113
        request = 0x7fffc0562320
#4  0x00000000027b4041 in std::__invoke_impl<void, void (MapUpdater::*)(), MapUpdater*> (__f=@0x7fff57657250: (void (MapUpdater::*)(MapUpdater * const)) 0x27b3190 <MapUpdater::WorkerThread()>, __t=@0x7fff57657248: 0x3c61740 <MapManager::instance()::instance+160>) at /usr/bin/../lib/gcc/x86_64-linux-gnu/7.2.0/../../../../include/c++/7.2.0/bits/invoke.h:73
No locals.
#5  0x00000000027b3f52 in std::__invoke<void (MapUpdater::*)(), MapUpdater*> (__fn=@0x7fff57657250: (void (MapUpdater::*)(MapUpdater * const)) 0x27b3190 <MapUpdater::WorkerThread()>, __args=@0x7fff57657248: 0x3c61740 <MapManager::instance()::instance+160>) at /usr/bin/../lib/gcc/x86_64-linux-gnu/7.2.0/../../../../include/c++/7.2.0/bits/invoke.h:95
No locals.
#6  0x00000000027b3f12 in std::thread::_Invoker<std::tuple<void (MapUpdater::*)(), MapUpdater*> >::_M_invoke<0ul, 1ul> (this=0x7fff57657248) at /usr/bin/../lib/gcc/x86_64-linux-gnu/7.2.0/../../../../include/c++/7.2.0/thread:234
No locals.
#7  0x00000000027b3ec5 in std::thread::_Invoker<std::tuple<void (MapUpdater::*)(), MapUpdater*> >::operator() (this=0x7fff57657248) at /usr/bin/../lib/gcc/x86_64-linux-gnu/7.2.0/../../../../include/c++/7.2.0/thread:243
No locals.
#8  0x00000000027b3c99 in std::thread::_State_impl<std::thread::_Invoker<std::tuple<void (MapUpdater::*)(), MapUpdater*> > >::_M_run (this=0x7fff57657240) at /usr/bin/../lib/gcc/x86_64-linux-gnu/7.2.0/../../../../include/c++/7.2.0/thread:186
No locals.
#9  0x00007ffff53960ff in ?? () from /usr/lib/x86_64-linux-gnu/libstdc++.so.6
No symbol table info available.
#10 0x00007ffff60997fc in start_thread (arg=0x7fff2d8c7700) at pthread_create.c:465
        pd = 0x7fff2d8c7700
        now = <optimized out>
        unwind_buf = {cancel_jmp_buf = {{jmp_buf = {140733957568256, 8485710092756500546, 140737488307838, 140737488307839, 140733957568256, 140733957568960, -8485600531609108414, -8485731341303627710}, mask_was_saved = 0}}, priv = {pad = {0x0, 0x0, 0x0, 0x0}, data = {prev = 0x0, cleanup = 0x0, canceltype = 0}}}
        not_first_call = <optimized out>
        pagesize_m1 = <optimized out>
        sp = <optimized out>
        freesize = <optimized out>
        __PRETTY_FUNCTION__ = "start_thread"
#11 0x00007ffff4aa1b0f in clone () at ../sysdeps/unix/sysv/linux/x86_64/clone.S:95
No locals.

--- DEBUG: INFO REGISTERS

rax            0x7fff3126a900	140734018005248
rbx            0x7fff2d8c7700	140733957568256
rcx            0x7fff2d8c5520	140733957559584
rdx            0x960	2400
rsi            0x43ce5258451f0029	4885933184813826089
rdi            0x43ce5258451f0029	4885933184813826089
rbp            0x0	0x0
rsp            0x7fff2d8c57c0	0x7fff2d8c57c0
r8             0x0	0
r9             0xbf800000	3212836864
r10            0x2d17450	47281232
r11            0x1	1
r12            0x7fffffff467e	140737488307838
r13            0x7fffffff467f	140737488307839
r14            0x7fff2d8c7700	140733957568256
r15            0x7fff2d8c79c0	140733957568960
rip            0x7ffff4aa1b0f	0x7ffff4aa1b0f <clone+63>
eflags         0x10206	[ PF IF RF ]
cs             0x33	51
ss             0x2b	43
ds             0x0	0
es             0x0	0
fs             0x0	0
gs             0x0	0

--- DEBUG: CALLS (x/32i $pc)

=> 0x7ffff4aa1b0f <clone+63>:	mov    %rax,%rdi
   0x7ffff4aa1b12 <clone+66>:	mov    $0x3c,%eax
   0x7ffff4aa1b17 <clone+71>:	syscall 
   0x7ffff4aa1b19 <clone+73>:	mov    0x2c5348(%rip),%rcx        # 0x7ffff4d66e68
   0x7ffff4aa1b20 <clone+80>:	neg    %eax
   0x7ffff4aa1b22 <clone+82>:	mov    %eax,%fs:(%rcx)
   0x7ffff4aa1b25 <clone+85>:	or     $0xffffffffffffffff,%rax
   0x7ffff4aa1b29 <clone+89>:	retq   
   0x7ffff4aa1b2a:	nopw   0x0(%rax,%rax,1)
   0x7ffff4aa1b30 <__umount>:	xor    %esi,%esi
   0x7ffff4aa1b32 <__umount+2>:	jmpq   0x7ffff4aa1b40 <umount2>
   0x7ffff4aa1b37:	nopw   0x0(%rax,%rax,1)
   0x7ffff4aa1b40 <umount2>:	mov    $0xa6,%eax
   0x7ffff4aa1b45 <umount2+5>:	syscall 
   0x7ffff4aa1b47 <umount2+7>:	cmp    $0xfffffffffffff001,%rax
   0x7ffff4aa1b4d <umount2+13>:	jae    0x7ffff4aa1b50 <umount2+16>
   0x7ffff4aa1b4f <umount2+15>:	retq   
   0x7ffff4aa1b50 <umount2+16>:	mov    0x2c5311(%rip),%rcx        # 0x7ffff4d66e68
   0x7ffff4aa1b57 <umount2+23>:	neg    %eax
   0x7ffff4aa1b59 <umount2+25>:	mov    %eax,%fs:(%rcx)
   0x7ffff4aa1b5c <umount2+28>:	or     $0xffffffffffffffff,%rax
   0x7ffff4aa1b60 <umount2+32>:	retq   
   0x7ffff4aa1b61:	nopw   %cs:0x0(%rax,%rax,1)
   0x7ffff4aa1b6b:	nopl   0x0(%rax,%rax,1)
   0x7ffff4aa1b70 <readahead>:	mov    $0xbb,%eax
   0x7ffff4aa1b75 <readahead+5>:	syscall 
   0x7ffff4aa1b77 <readahead+7>:	cmp    $0xfffffffffffff001,%rax
   0x7ffff4aa1b7d <readahead+13>:	jae    0x7ffff4aa1b80 <readahead+16>
   0x7ffff4aa1b7f <readahead+15>:	retq   
   0x7ffff4aa1b80 <readahead+16>:	mov    0x2c52e1(%rip),%rcx        # 0x7ffff4d66e68
   0x7ffff4aa1b87 <readahead+23>:	neg    %eax
   0x7ffff4aa1b89 <readahead+25>:	mov    %eax,%fs:(%rcx)

--- DEBUG: THREAD APPLY ALL BACKTRACE

Thread 9 (Thread 0x7fff2c8c5700 (LWP 2859)):
#0  0x00007ffff4a97870 in __GI___select (nfds=1, readfds=0x7fff2c8c33a0, writefds=0x0, exceptfds=0x7fff2c8c3420, timeout=0x7fff2c8c3390) at ../sysdeps/unix/sysv/linux/select.c:41
#1  0x00007ffff776c52b in ?? () from /lib/x86_64-linux-gnu/libreadline.so.7
#2  0x00007ffff776c7b4 in rl_read_key () from /lib/x86_64-linux-gnu/libreadline.so.7
#3  0x00007ffff7754773 in readline_internal_char () from /lib/x86_64-linux-gnu/libreadline.so.7
#4  0x00007ffff7754fc5 in readline () from /lib/x86_64-linux-gnu/libreadline.so.7
#5  0x000000000180e8e8 in CliThread () at PATH/Core/src/server/worldserver/CommandLine/CliRunnable.cpp:153
#6  0x00000000017f6c27 in std::__invoke_impl<void, void (*)()> (__f=@0x7fff31155018: 0x180e7b0 <CliThread()>) at /usr/bin/../lib/gcc/x86_64-linux-gnu/7.2.0/../../../../include/c++/7.2.0/bits/invoke.h:60
#7  0x00000000017f6bbd in std::__invoke<void (*)()> (__fn=@0x7fff31155018: 0x180e7b0 <CliThread()>) at /usr/bin/../lib/gcc/x86_64-linux-gnu/7.2.0/../../../../include/c++/7.2.0/bits/invoke.h:95
#8  0x00000000017f6b95 in std::thread::_Invoker<std::tuple<void (*)()> >::_M_invoke<0ul> (this=0x7fff31155018) at /usr/bin/../lib/gcc/x86_64-linux-gnu/7.2.0/../../../../include/c++/7.2.0/thread:234
#9  0x00000000017f6b65 in std::thread::_Invoker<std::tuple<void (*)()> >::operator() (this=0x7fff31155018) at /usr/bin/../lib/gcc/x86_64-linux-gnu/7.2.0/../../../../include/c++/7.2.0/thread:243
#10 0x00000000017f6a49 in std::thread::_State_impl<std::thread::_Invoker<std::tuple<void (*)()> > >::_M_run (this=0x7fff31155010) at /usr/bin/../lib/gcc/x86_64-linux-gnu/7.2.0/../../../../include/c++/7.2.0/thread:186
#11 0x00007ffff53960ff in ?? () from /usr/lib/x86_64-linux-gnu/libstdc++.so.6
#12 0x00007ffff60997fc in start_thread (arg=0x7fff2c8c5700) at pthread_create.c:465
#13 0x00007ffff4aa1b0f in clone () at ../sysdeps/unix/sysv/linux/x86_64/clone.S:95

Thread 8 (Thread 0x7fff2d0c6700 (LWP 2858)):
#0  0x00007ffff4aa1c87 in __GI_epoll_pwait (epfd=22, events=0x7fff2d0c3be0, maxevents=128, timeout=-1, set=0x0) at ../sysdeps/unix/sysv/linux/epoll_pwait.c:42
#1  0x00000000017f3c4a in boost::asio::detail::epoll_reactor::run (this=0x7fff3090b600, block=true, ops=...) at /usr/include/boost/asio/detail/impl/epoll_reactor.ipp:392
#2  0x00000000017f3785 in boost::asio::detail::task_io_service::do_run_one (this=0x7fff3087f280, lock=..., this_thread=..., ec=...) at /usr/include/boost/asio/detail/impl/task_io_service.ipp:356
#3  0x00000000017f341b in boost::asio::detail::task_io_service::run (this=0x7fff3087f280, ec=...) at /usr/include/boost/asio/detail/impl/task_io_service.ipp:149
#4  0x00000000017f3311 in boost::asio::io_service::run (this=0x7fffd56af578) at /usr/include/boost/asio/impl/io_service.ipp:59
#5  0x00000000028f08cb in NetworkThread<WorldSocket>::Run (this=0x7fffd56af508) at PATH/Core/src/server/shared/Networking/NetworkThread.h:126
#6  0x00000000028f2ea1 in std::__invoke_impl<void, void (NetworkThread<WorldSocket>::*)(), NetworkThread<WorldSocket>*> (__f=@0x7fff31240030: (void (NetworkThread<WorldSocket>::*)(NetworkThread<WorldSocket> * const)) 0x28f0540 <NetworkThread<WorldSocket>::Run()>, __t=@0x7fff31240028: 0x7fffd56af508) at /usr/bin/../lib/gcc/x86_64-linux-gnu/7.2.0/../../../../include/c++/7.2.0/bits/invoke.h:73
#7  0x00000000028f2db2 in std::__invoke<void (NetworkThread<WorldSocket>::*)(), NetworkThread<WorldSocket>*> (__fn=@0x7fff31240030: (void (NetworkThread<WorldSocket>::*)(NetworkThread<WorldSocket> * const)) 0x28f0540 <NetworkThread<WorldSocket>::Run()>, __args=@0x7fff31240028: 0x7fffd56af508) at /usr/bin/../lib/gcc/x86_64-linux-gnu/7.2.0/../../../../include/c++/7.2.0/bits/invoke.h:95
#8  0x00000000028f2d72 in std::thread::_Invoker<std::tuple<void (NetworkThread<WorldSocket>::*)(), NetworkThread<WorldSocket>*> >::_M_invoke<0ul, 1ul> (this=0x7fff31240028) at /usr/bin/../lib/gcc/x86_64-linux-gnu/7.2.0/../../../../include/c++/7.2.0/thread:234
#9  0x00000000028f2d25 in std::thread::_Invoker<std::tuple<void (NetworkThread<WorldSocket>::*)(), NetworkThread<WorldSocket>*> >::operator() (this=0x7fff31240028) at /usr/bin/../lib/gcc/x86_64-linux-gnu/7.2.0/../../../../include/c++/7.2.0/thread:243
#10 0x00000000028f2af9 in std::thread::_State_impl<std::thread::_Invoker<std::tuple<void (NetworkThread<WorldSocket>::*)(), NetworkThread<WorldSocket>*> > >::_M_run (this=0x7fff31240020) at /usr/bin/../lib/gcc/x86_64-linux-gnu/7.2.0/../../../../include/c++/7.2.0/thread:186
#11 0x00007ffff53960ff in ?? () from /usr/lib/x86_64-linux-gnu/libstdc++.so.6
#12 0x00007ffff60997fc in start_thread (arg=0x7fff2d0c6700) at pthread_create.c:465
#13 0x00007ffff4aa1b0f in clone () at ../sysdeps/unix/sysv/linux/x86_64/clone.S:95

Thread 7 (Thread 0x7fff2d8c7700 (LWP 2857)):
#0  CombatReference::GetOther (this=0x43ce5258451f0029, me=0x7fff3126a900) at PATH/Core/src/server/game/Combat/CombatManager.h:59
#1  0x0000000002759689 in Map::Update (this=0x7fff6b404b00, t_diff=101) at PATH/Core/src/server/game/Maps/Map.cpp:796
#2  0x00000000027b3a76 in MapUpdateRequest::call (this=0x7fffc0562320) at PATH/Core/src/server/game/Maps/MapUpdater.cpp:42
#3  0x00000000027b31e8 in MapUpdater::WorkerThread (this=0x3c61740 <MapManager::instance()::instance+160>) at PATH/Core/src/server/game/Maps/MapUpdater.cpp:113
#4  0x00000000027b4041 in std::__invoke_impl<void, void (MapUpdater::*)(), MapUpdater*> (__f=@0x7fff57657250: (void (MapUpdater::*)(MapUpdater * const)) 0x27b3190 <MapUpdater::WorkerThread()>, __t=@0x7fff57657248: 0x3c61740 <MapManager::instance()::instance+160>) at /usr/bin/../lib/gcc/x86_64-linux-gnu/7.2.0/../../../../include/c++/7.2.0/bits/invoke.h:73
#5  0x00000000027b3f52 in std::__invoke<void (MapUpdater::*)(), MapUpdater*> (__fn=@0x7fff57657250: (void (MapUpdater::*)(MapUpdater * const)) 0x27b3190 <MapUpdater::WorkerThread()>, __args=@0x7fff57657248: 0x3c61740 <MapManager::instance()::instance+160>) at /usr/bin/../lib/gcc/x86_64-linux-gnu/7.2.0/../../../../include/c++/7.2.0/bits/invoke.h:95
#6  0x00000000027b3f12 in std::thread::_Invoker<std::tuple<void (MapUpdater::*)(), MapUpdater*> >::_M_invoke<0ul, 1ul> (this=0x7fff57657248) at /usr/bin/../lib/gcc/x86_64-linux-gnu/7.2.0/../../../../include/c++/7.2.0/thread:234
#7  0x00000000027b3ec5 in std::thread::_Invoker<std::tuple<void (MapUpdater::*)(), MapUpdater*> >::operator() (this=0x7fff57657248) at /usr/bin/../lib/gcc/x86_64-linux-gnu/7.2.0/../../../../include/c++/7.2.0/thread:243
#8  0x00000000027b3c99 in std::thread::_State_impl<std::thread::_Invoker<std::tuple<void (MapUpdater::*)(), MapUpdater*> > >::_M_run (this=0x7fff57657240) at /usr/bin/../lib/gcc/x86_64-linux-gnu/7.2.0/../../../../include/c++/7.2.0/thread:186
#9  0x00007ffff53960ff in ?? () from /usr/lib/x86_64-linux-gnu/libstdc++.so.6
#10 0x00007ffff60997fc in start_thread (arg=0x7fff2d8c7700) at pthread_create.c:465
#11 0x00007ffff4aa1b0f in clone () at ../sysdeps/unix/sysv/linux/x86_64/clone.S:95

Thread 6 (Thread 0x7fffef8c8700 (LWP 2855)):
#0  0x00007ffff60a0072 in futex_wait_cancelable (private=<optimized out>, expected=0, futex_word=0x7ffff1f3c224) at ../sysdeps/unix/sysv/linux/futex-internal.h:88
#1  __pthread_cond_wait_common (abstime=0x0, mutex=0x7ffff1f3c180, cond=0x7ffff1f3c1f8) at pthread_cond_wait.c:502
#2  __pthread_cond_wait (cond=0x7ffff1f3c1f8, mutex=0x7ffff1f3c180) at pthread_cond_wait.c:655
#3  0x00007ffff538fdbc in std::condition_variable::wait(std::unique_lock<std::mutex>&) () from /usr/lib/x86_64-linux-gnu/libstdc++.so.6
#4  0x0000000002cfecaf in ProducerConsumerQueue<SQLOperation*>::WaitAndPop (this=0x7ffff1f3c180, value=@0x7fffef8c65f0: 0x0) at PATH/Core/src/common/Threading/ProducerConsumerQueue.h:76
#5  0x0000000002cfe950 in DatabaseWorker::WorkerThread (this=0x7ffff1f16920) at PATH/Core/src/server/database/Database/DatabaseWorker.cpp:48
#6  0x0000000002cff341 in std::__invoke_impl<void, void (DatabaseWorker::*)(), DatabaseWorker*> (__f=@0x7ffff1f16950: (void (DatabaseWorker::*)(DatabaseWorker * const)) 0x2cfe910 <DatabaseWorker::WorkerThread()>, __t=@0x7ffff1f16948: 0x7ffff1f16920) at /usr/bin/../lib/gcc/x86_64-linux-gnu/7.2.0/../../../../include/c++/7.2.0/bits/invoke.h:73
#7  0x0000000002cff252 in std::__invoke<void (DatabaseWorker::*)(), DatabaseWorker*> (__fn=@0x7ffff1f16950: (void (DatabaseWorker::*)(DatabaseWorker * const)) 0x2cfe910 <DatabaseWorker::WorkerThread()>, __args=@0x7ffff1f16948: 0x7ffff1f16920) at /usr/bin/../lib/gcc/x86_64-linux-gnu/7.2.0/../../../../include/c++/7.2.0/bits/invoke.h:95
#8  0x0000000002cff212 in std::thread::_Invoker<std::tuple<void (DatabaseWorker::*)(), DatabaseWorker*> >::_M_invoke<0ul, 1ul> (this=0x7ffff1f16948) at /usr/bin/../lib/gcc/x86_64-linux-gnu/7.2.0/../../../../include/c++/7.2.0/thread:234
#9  0x0000000002cff1c5 in std::thread::_Invoker<std::tuple<void (DatabaseWorker::*)(), DatabaseWorker*> >::operator() (this=0x7ffff1f16948) at /usr/bin/../lib/gcc/x86_64-linux-gnu/7.2.0/../../../../include/c++/7.2.0/thread:243
#10 0x0000000002cfef99 in std::thread::_State_impl<std::thread::_Invoker<std::tuple<void (DatabaseWorker::*)(), DatabaseWorker*> > >::_M_run (this=0x7ffff1f16940) at /usr/bin/../lib/gcc/x86_64-linux-gnu/7.2.0/../../../../include/c++/7.2.0/thread:186
#11 0x00007ffff53960ff in ?? () from /usr/lib/x86_64-linux-gnu/libstdc++.so.6
#12 0x00007ffff60997fc in start_thread (arg=0x7fffef8c8700) at pthread_create.c:465
#13 0x00007ffff4aa1b0f in clone () at ../sysdeps/unix/sysv/linux/x86_64/clone.S:95

Thread 5 (Thread 0x7ffff00c9700 (LWP 2854)):
#0  0x00007ffff60a0072 in futex_wait_cancelable (private=<optimized out>, expected=0, futex_word=0x7ffff1f3c2e0) at ../sysdeps/unix/sysv/linux/futex-internal.h:88
#1  __pthread_cond_wait_common (abstime=0x0, mutex=0x7ffff1f3c240, cond=0x7ffff1f3c2b8) at pthread_cond_wait.c:502
#2  __pthread_cond_wait (cond=0x7ffff1f3c2b8, mutex=0x7ffff1f3c240) at pthread_cond_wait.c:655
#3  0x00007ffff538fdbc in std::condition_variable::wait(std::unique_lock<std::mutex>&) () from /usr/lib/x86_64-linux-gnu/libstdc++.so.6
#4  0x0000000002cfecaf in ProducerConsumerQueue<SQLOperation*>::WaitAndPop (this=0x7ffff1f3c240, value=@0x7ffff00c75f0: 0x0) at PATH/Core/src/common/Threading/ProducerConsumerQueue.h:76
#5  0x0000000002cfe950 in DatabaseWorker::WorkerThread (this=0x7ffff1f16a40) at PATH/Core/src/server/database/Database/DatabaseWorker.cpp:48
#6  0x0000000002cff341 in std::__invoke_impl<void, void (DatabaseWorker::*)(), DatabaseWorker*> (__f=@0x7ffff1f16970: (void (DatabaseWorker::*)(DatabaseWorker * const)) 0x2cfe910 <DatabaseWorker::WorkerThread()>, __t=@0x7ffff1f16968: 0x7ffff1f16a40) at /usr/bin/../lib/gcc/x86_64-linux-gnu/7.2.0/../../../../include/c++/7.2.0/bits/invoke.h:73
#7  0x0000000002cff252 in std::__invoke<void (DatabaseWorker::*)(), DatabaseWorker*> (__fn=@0x7ffff1f16970: (void (DatabaseWorker::*)(DatabaseWorker * const)) 0x2cfe910 <DatabaseWorker::WorkerThread()>, __args=@0x7ffff1f16968: 0x7ffff1f16a40) at /usr/bin/../lib/gcc/x86_64-linux-gnu/7.2.0/../../../../include/c++/7.2.0/bits/invoke.h:95
#8  0x0000000002cff212 in std::thread::_Invoker<std::tuple<void (DatabaseWorker::*)(), DatabaseWorker*> >::_M_invoke<0ul, 1ul> (this=0x7ffff1f16968) at /usr/bin/../lib/gcc/x86_64-linux-gnu/7.2.0/../../../../include/c++/7.2.0/thread:234
#9  0x0000000002cff1c5 in std::thread::_Invoker<std::tuple<void (DatabaseWorker::*)(), DatabaseWorker*> >::operator() (this=0x7ffff1f16968) at /usr/bin/../lib/gcc/x86_64-linux-gnu/7.2.0/../../../../include/c++/7.2.0/thread:243
#10 0x0000000002cfef99 in std::thread::_State_impl<std::thread::_Invoker<std::tuple<void (DatabaseWorker::*)(), DatabaseWorker*> > >::_M_run (this=0x7ffff1f16960) at /usr/bin/../lib/gcc/x86_64-linux-gnu/7.2.0/../../../../include/c++/7.2.0/thread:186
#11 0x00007ffff53960ff in ?? () from /usr/lib/x86_64-linux-gnu/libstdc++.so.6
#12 0x00007ffff60997fc in start_thread (arg=0x7ffff00c9700) at pthread_create.c:465
#13 0x00007ffff4aa1b0f in clone () at ../sysdeps/unix/sysv/linux/x86_64/clone.S:95

Thread 4 (Thread 0x7ffff08ca700 (LWP 2853)):
#0  0x00007ffff60a0072 in futex_wait_cancelable (private=<optimized out>, expected=0, futex_word=0x7ffff1f3c3a4) at ../sysdeps/unix/sysv/linux/futex-internal.h:88
#1  __pthread_cond_wait_common (abstime=0x0, mutex=0x7ffff1f3c300, cond=0x7ffff1f3c378) at pthread_cond_wait.c:502
#2  __pthread_cond_wait (cond=0x7ffff1f3c378, mutex=0x7ffff1f3c300) at pthread_cond_wait.c:655
#3  0x00007ffff538fdbc in std::condition_variable::wait(std::unique_lock<std::mutex>&) () from /usr/lib/x86_64-linux-gnu/libstdc++.so.6
#4  0x0000000002cfecaf in ProducerConsumerQueue<SQLOperation*>::WaitAndPop (this=0x7ffff1f3c300, value=@0x7ffff08c85f0: 0x0) at PATH/Core/src/common/Threading/ProducerConsumerQueue.h:76
#5  0x0000000002cfe950 in DatabaseWorker::WorkerThread (this=0x7ffff1f16540) at PATH/Core/src/server/database/Database/DatabaseWorker.cpp:48
#6  0x0000000002cff341 in std::__invoke_impl<void, void (DatabaseWorker::*)(), DatabaseWorker*> (__f=@0x7ffff1f16a30: (void (DatabaseWorker::*)(DatabaseWorker * const)) 0x2cfe910 <DatabaseWorker::WorkerThread()>, __t=@0x7ffff1f16a28: 0x7ffff1f16540) at /usr/bin/../lib/gcc/x86_64-linux-gnu/7.2.0/../../../../include/c++/7.2.0/bits/invoke.h:73
#7  0x0000000002cff252 in std::__invoke<void (DatabaseWorker::*)(), DatabaseWorker*> (__fn=@0x7ffff1f16a30: (void (DatabaseWorker::*)(DatabaseWorker * const)) 0x2cfe910 <DatabaseWorker::WorkerThread()>, __args=@0x7ffff1f16a28: 0x7ffff1f16540) at /usr/bin/../lib/gcc/x86_64-linux-gnu/7.2.0/../../../../include/c++/7.2.0/bits/invoke.h:95
#8  0x0000000002cff212 in std::thread::_Invoker<std::tuple<void (DatabaseWorker::*)(), DatabaseWorker*> >::_M_invoke<0ul, 1ul> (this=0x7ffff1f16a28) at /usr/bin/../lib/gcc/x86_64-linux-gnu/7.2.0/../../../../include/c++/7.2.0/thread:234
#9  0x0000000002cff1c5 in std::thread::_Invoker<std::tuple<void (DatabaseWorker::*)(), DatabaseWorker*> >::operator() (this=0x7ffff1f16a28) at /usr/bin/../lib/gcc/x86_64-linux-gnu/7.2.0/../../../../include/c++/7.2.0/thread:243
#10 0x0000000002cfef99 in std::thread::_State_impl<std::thread::_Invoker<std::tuple<void (DatabaseWorker::*)(), DatabaseWorker*> > >::_M_run (this=0x7ffff1f16a20) at /usr/bin/../lib/gcc/x86_64-linux-gnu/7.2.0/../../../../include/c++/7.2.0/thread:186
#11 0x00007ffff53960ff in ?? () from /usr/lib/x86_64-linux-gnu/libstdc++.so.6
#12 0x00007ffff60997fc in start_thread (arg=0x7ffff08ca700) at pthread_create.c:465
#13 0x00007ffff4aa1b0f in clone () at ../sysdeps/unix/sysv/linux/x86_64/clone.S:95

Thread 3 (Thread 0x7ffff12dd700 (LWP 2852)):
#0  0x00007ffff4aa1c87 in __GI_epoll_pwait (epfd=6, events=0x7ffff12dae40, maxevents=128, timeout=-1, set=0x0) at ../sysdeps/unix/sysv/linux/epoll_pwait.c:42
#1  0x00000000017f3c4a in boost::asio::detail::epoll_reactor::run (this=0x7ffff1f3c480, block=true, ops=...) at /usr/include/boost/asio/detail/impl/epoll_reactor.ipp:392
#2  0x00000000017f3785 in boost::asio::detail::task_io_service::do_run_one (this=0x7ffff1f30700, lock=..., this_thread=..., ec=...) at /usr/include/boost/asio/detail/impl/task_io_service.ipp:356
#3  0x00000000017f341b in boost::asio::detail::task_io_service::run (this=0x7ffff1f30700, ec=...) at /usr/include/boost/asio/detail/impl/task_io_service.ipp:149
#4  0x00000000017f3311 in boost::asio::io_service::run (this=0x7ffff1ee8970) at /usr/include/boost/asio/impl/io_service.ipp:59
#5  0x00000000017c237d in main::$_4::operator() (this=0x7ffff1f16f88) at PATH/Core/src/server/worldserver/Main.cpp:209
#6  0x00000000017c234d in std::__invoke_impl<void, main::$_4> (__f=...) at /usr/bin/../lib/gcc/x86_64-linux-gnu/7.2.0/../../../../include/c++/7.2.0/bits/invoke.h:60
#7  0x00000000017c22dd in std::__invoke<main::$_4> (__fn=...) at /usr/bin/../lib/gcc/x86_64-linux-gnu/7.2.0/../../../../include/c++/7.2.0/bits/invoke.h:95
#8  0x00000000017c22b5 in std::thread::_Invoker<std::tuple<main::$_4> >::_M_invoke<0ul> (this=0x7ffff1f16f88) at /usr/bin/../lib/gcc/x86_64-linux-gnu/7.2.0/../../../../include/c++/7.2.0/thread:234
#9  0x00000000017c2285 in std::thread::_Invoker<std::tuple<main::$_4> >::operator() (this=0x7ffff1f16f88) at /usr/bin/../lib/gcc/x86_64-linux-gnu/7.2.0/../../../../include/c++/7.2.0/thread:243
#10 0x00000000017c2149 in std::thread::_State_impl<std::thread::_Invoker<std::tuple<main::$_4> > >::_M_run (this=0x7ffff1f16f80) at /usr/bin/../lib/gcc/x86_64-linux-gnu/7.2.0/../../../../include/c++/7.2.0/thread:186
#11 0x00007ffff53960ff in ?? () from /usr/lib/x86_64-linux-gnu/libstdc++.so.6
#12 0x00007ffff60997fc in start_thread (arg=0x7ffff12dd700) at pthread_create.c:465
#13 0x00007ffff4aa1b0f in clone () at ../sysdeps/unix/sysv/linux/x86_64/clone.S:95

Thread 2 (Thread 0x7ffff1ade700 (LWP 2851)):
#0  0x00007ffff60a0072 in futex_wait_cancelable (private=<optimized out>, expected=0, futex_word=0x7ffff1f30780) at ../sysdeps/unix/sysv/linux/futex-internal.h:88
#1  __pthread_cond_wait_common (abstime=0x0, mutex=0x7ffff1f30730, cond=0x7ffff1f30758) at pthread_cond_wait.c:502
#2  __pthread_cond_wait (cond=0x7ffff1f30758, mutex=0x7ffff1f30730) at pthread_cond_wait.c:655
#3  0x00000000017f415b in boost::asio::detail::posix_event::wait<boost::asio::detail::scoped_lock<boost::asio::detail::posix_mutex> > (this=0x7ffff1f30758, lock=...) at /usr/include/boost/asio/detail/posix_event.hpp:106
#4  0x00000000017f3889 in boost::asio::detail::task_io_service::do_run_one (this=0x7ffff1f30700, lock=..., this_thread=..., ec=...) at /usr/include/boost/asio/detail/impl/task_io_service.ipp:380
#5  0x00000000017f341b in boost::asio::detail::task_io_service::run (this=0x7ffff1f30700, ec=...) at /usr/include/boost/asio/detail/impl/task_io_service.ipp:149
#6  0x00000000017f3311 in boost::asio::io_service::run (this=0x7ffff1ee8970) at /usr/include/boost/asio/impl/io_service.ipp:59
#7  0x00000000017c237d in main::$_4::operator() (this=0x7ffff1f16ec8) at PATH/Core/src/server/worldserver/Main.cpp:209
#8  0x00000000017c234d in std::__invoke_impl<void, main::$_4> (__f=...) at /usr/bin/../lib/gcc/x86_64-linux-gnu/7.2.0/../../../../include/c++/7.2.0/bits/invoke.h:60
#9  0x00000000017c22dd in std::__invoke<main::$_4> (__fn=...) at /usr/bin/../lib/gcc/x86_64-linux-gnu/7.2.0/../../../../include/c++/7.2.0/bits/invoke.h:95
#10 0x00000000017c22b5 in std::thread::_Invoker<std::tuple<main::$_4> >::_M_invoke<0ul> (this=0x7ffff1f16ec8) at /usr/bin/../lib/gcc/x86_64-linux-gnu/7.2.0/../../../../include/c++/7.2.0/thread:234
#11 0x00000000017c2285 in std::thread::_Invoker<std::tuple<main::$_4> >::operator() (this=0x7ffff1f16ec8) at /usr/bin/../lib/gcc/x86_64-linux-gnu/7.2.0/../../../../include/c++/7.2.0/thread:243
#12 0x00000000017c2149 in std::thread::_State_impl<std::thread::_Invoker<std::tuple<main::$_4> > >::_M_run (this=0x7ffff1f16ec0) at /usr/bin/../lib/gcc/x86_64-linux-gnu/7.2.0/../../../../include/c++/7.2.0/thread:186
#13 0x00007ffff53960ff in ?? () from /usr/lib/x86_64-linux-gnu/libstdc++.so.6
#14 0x00007ffff60997fc in start_thread (arg=0x7ffff1ade700) at pthread_create.c:465
#15 0x00007ffff4aa1b0f in clone () at ../sysdeps/unix/sysv/linux/x86_64/clone.S:95

Thread 1 (Thread 0x7ffff7fcef40 (LWP 2847)):
#0  0x00007ffff60a0072 in futex_wait_cancelable (private=<optimized out>, expected=0, futex_word=0x3c61864 <MapManager::instance()::instance+452>) at ../sysdeps/unix/sysv/linux/futex-internal.h:88
#1  __pthread_cond_wait_common (abstime=0x0, mutex=0x3c61810 <MapManager::instance()::instance+368>, cond=0x3c61838 <MapManager::instance()::instance+408>) at pthread_cond_wait.c:502
#2  __pthread_cond_wait (cond=0x3c61838 <MapManager::instance()::instance+408>, mutex=0x3c61810 <MapManager::instance()::instance+368>) at pthread_cond_wait.c:655
#3  0x00007ffff538fdbc in std::condition_variable::wait(std::unique_lock<std::mutex>&) () from /usr/lib/x86_64-linux-gnu/libstdc++.so.6
#4  0x00000000027b3315 in MapUpdater::wait (this=0x3c61740 <MapManager::instance()::instance+160>) at PATH/Core/src/server/game/Maps/MapUpdater.cpp:74
#5  0x000000000279ba7c in MapManager::Update (this=0x3c616a0 <MapManager::instance()::instance>, diff=50) at PATH/Core/src/server/game/Maps/MapManager.cpp:226
#6  0x0000000002bb2c34 in World::Update (this=0x3c66b68 <World::instance()::instance>, diff=50) at PATH/Core/src/server/game/World/World.cpp:2372
#7  0x00000000017bf8b3 in WorldUpdateLoop () at PATH/Core/src/server/worldserver/Main.cpp:428
#8  0x00000000017bbe0a in main (argc=1, argv=0x7fffffffe0a8) at PATH/Core/src/server/worldserver/Main.cpp:333

--- DEBUG: --- STOP
```

**Comment by Treeston** [comment]
This is after e0b609a, @tje3d?

**Comment by tje3d** [comment]
oh oh sorry , e0b609a not applied
